Determining if the pthread_create exist failed with the following output:
Change Dir: /home/nvidia/hitsz_icra_2019/src/map_server/apriltags2/CMakeFiles/CMakeTmp

Run Build Command:"/usr/bin/make" "cmTC_2c54c/fast"
/usr/bin/make -f CMakeFiles/cmTC_2c54c.dir/build.make CMakeFiles/cmTC_2c54c.dir/build
make[1]: Entering directory '/home/nvidia/hitsz_icra_2019/src/map_server/apriltags2/CMakeFiles/CMakeTmp'
Building C object CMakeFiles/cmTC_2c54c.dir/CheckSymbolExists.c.o
/usr/bin/cc    -std=gnu99 -fPIC -Wall -Wno-unused-parameter -Wno-unused-function -I. -O4 -fno-strict-overflow    -o CMakeFiles/cmTC_2c54c.dir/CheckSymbolExists.c.o   -c /home/nvidia/hitsz_icra_2019/src/map_server/apriltags2/CMakeFiles/CMakeTmp/CheckSymbolExists.c
Linking C executable cmTC_2c54c
/usr/bin/cmake -E cmake_link_script CMakeFiles/cmTC_2c54c.dir/link.txt --verbose=1
/usr/bin/cc  -std=gnu99 -fPIC -Wall -Wno-unused-parameter -Wno-unused-function -I. -O4 -fno-strict-overflow     CMakeFiles/cmTC_2c54c.dir/CheckSymbolExists.c.o  -o cmTC_2c54c -rdynamic 
CMakeFiles/cmTC_2c54c.dir/CheckSymbolExists.c.o: In function `main':
CheckSymbolExists.c:(.text.startup+0x0): undefined reference to `pthread_create'
CheckSymbolExists.c:(.text.startup+0x4): undefined reference to `pthread_create'
collect2: error: ld returned 1 exit status
CMakeFiles/cmTC_2c54c.dir/build.make:97: recipe for target 'cmTC_2c54c' failed
make[1]: *** [cmTC_2c54c] Error 1
make[1]: Leaving directory '/home/nvidia/hitsz_icra_2019/src/map_server/apriltags2/CMakeFiles/CMakeTmp'
Makefile:126: recipe for target 'cmTC_2c54c/fast' failed
make: *** [cmTC_2c54c/fast] Error 2

File /home/nvidia/hitsz_icra_2019/src/map_server/apriltags2/CMakeFiles/CMakeTmp/CheckSymbolExists.c:
/* */
#include <pthread.h>

int main(int argc, char** argv)
{
  (void)argv;
#ifndef pthread_create
  return ((int*)(&pthread_create))[argc];
#else
  (void)argc;
  return 0;
#endif
}

Determining if the function pthread_create exists in the pthreads failed with the following output:
Change Dir: /home/nvidia/hitsz_icra_2019/src/map_server/apriltags2/CMakeFiles/CMakeTmp

Run Build Command:"/usr/bin/make" "cmTC_edcac/fast"
/usr/bin/make -f CMakeFiles/cmTC_edcac.dir/build.make CMakeFiles/cmTC_edcac.dir/build
make[1]: Entering directory '/home/nvidia/hitsz_icra_2019/src/map_server/apriltags2/CMakeFiles/CMakeTmp'
Building C object CMakeFiles/cmTC_edcac.dir/CheckFunctionExists.c.o
/usr/bin/cc    -std=gnu99 -fPIC -Wall -Wno-unused-parameter -Wno-unused-function -I. -O4 -fno-strict-overflow -DCHECK_FUNCTION_EXISTS=pthread_create   -o CMakeFiles/cmTC_edcac.dir/CheckFunctionExists.c.o   -c /usr/share/cmake-3.5/Modules/CheckFunctionExists.c
Linking C executable cmTC_edcac
/usr/bin/cmake -E cmake_link_script CMakeFiles/cmTC_edcac.dir/link.txt --verbose=1
/usr/bin/cc  -std=gnu99 -fPIC -Wall -Wno-unused-parameter -Wno-unused-function -I. -O4 -fno-strict-overflow -DCHECK_FUNCTION_EXISTS=pthread_create    CMakeFiles/cmTC_edcac.dir/CheckFunctionExists.c.o  -o cmTC_edcac -rdynamic -lpthreads 
/usr/bin/ld: cannot find -lpthreads
collect2: error: ld returned 1 exit status
CMakeFiles/cmTC_edcac.dir/build.make:97: recipe for target 'cmTC_edcac' failed
make[1]: *** [cmTC_edcac] Error 1
make[1]: Leaving directory '/home/nvidia/hitsz_icra_2019/src/map_server/apriltags2/CMakeFiles/CMakeTmp'
Makefile:126: recipe for target 'cmTC_edcac/fast' failed
make: *** [cmTC_edcac/fast] Error 2


