Determining if the pthread_create exist failed with the following output:
Change Dir: /home/nvidia/hitsz_icra_2019/src/map_server/map_server/CMakeFiles/CMakeTmp

Run Build Command:"/usr/bin/make" "cmTC_20d69/fast"
/usr/bin/make -f CMakeFiles/cmTC_20d69.dir/build.make CMakeFiles/cmTC_20d69.dir/build
make[1]: Entering directory '/home/nvidia/hitsz_icra_2019/src/map_server/map_server/CMakeFiles/CMakeTmp'
Building C object CMakeFiles/cmTC_20d69.dir/CheckSymbolExists.c.o
/usr/bin/cc     -o CMakeFiles/cmTC_20d69.dir/CheckSymbolExists.c.o   -c /home/nvidia/hitsz_icra_2019/src/map_server/map_server/CMakeFiles/CMakeTmp/CheckSymbolExists.c
Linking C executable cmTC_20d69
/usr/bin/cmake -E cmake_link_script CMakeFiles/cmTC_20d69.dir/link.txt --verbose=1
/usr/bin/cc       CMakeFiles/cmTC_20d69.dir/CheckSymbolExists.c.o  -o cmTC_20d69 -rdynamic 
CMakeFiles/cmTC_20d69.dir/CheckSymbolExists.c.o: In function `main':
CheckSymbolExists.c:(.text+0x14): undefined reference to `pthread_create'
CheckSymbolExists.c:(.text+0x18): undefined reference to `pthread_create'
collect2: error: ld returned 1 exit status
CMakeFiles/cmTC_20d69.dir/build.make:97: recipe for target 'cmTC_20d69' failed
make[1]: *** [cmTC_20d69] Error 1
make[1]: Leaving directory '/home/nvidia/hitsz_icra_2019/src/map_server/map_server/CMakeFiles/CMakeTmp'
Makefile:126: recipe for target 'cmTC_20d69/fast' failed
make: *** [cmTC_20d69/fast] Error 2

File /home/nvidia/hitsz_icra_2019/src/map_server/map_server/CMakeFiles/CMakeTmp/CheckSymbolExists.c:
/* */
#include <pthread.h>

int main(int argc, char** argv)
{
  (void)argv;
#ifndef pthread_create
  return ((int*)(&pthread_create))[argc];
#else
  (void)argc;
  return 0;
#endif
}

Determining if the function pthread_create exists in the pthreads failed with the following output:
Change Dir: /home/nvidia/hitsz_icra_2019/src/map_server/map_server/CMakeFiles/CMakeTmp

Run Build Command:"/usr/bin/make" "cmTC_fd915/fast"
/usr/bin/make -f CMakeFiles/cmTC_fd915.dir/build.make CMakeFiles/cmTC_fd915.dir/build
make[1]: Entering directory '/home/nvidia/hitsz_icra_2019/src/map_server/map_server/CMakeFiles/CMakeTmp'
Building C object CMakeFiles/cmTC_fd915.dir/CheckFunctionExists.c.o
/usr/bin/cc    -DCHECK_FUNCTION_EXISTS=pthread_create   -o CMakeFiles/cmTC_fd915.dir/CheckFunctionExists.c.o   -c /usr/share/cmake-3.5/Modules/CheckFunctionExists.c
Linking C executable cmTC_fd915
/usr/bin/cmake -E cmake_link_script CMakeFiles/cmTC_fd915.dir/link.txt --verbose=1
/usr/bin/cc   -DCHECK_FUNCTION_EXISTS=pthread_create    CMakeFiles/cmTC_fd915.dir/CheckFunctionExists.c.o  -o cmTC_fd915 -rdynamic -lpthreads 
/usr/bin/ld: cannot find -lpthreads
collect2: error: ld returned 1 exit status
CMakeFiles/cmTC_fd915.dir/build.make:97: recipe for target 'cmTC_fd915' failed
make[1]: *** [cmTC_fd915] Error 1
make[1]: Leaving directory '/home/nvidia/hitsz_icra_2019/src/map_server/map_server/CMakeFiles/CMakeTmp'
Makefile:126: recipe for target 'cmTC_fd915/fast' failed
make: *** [cmTC_fd915/fast] Error 2


