Determining if the pthread_create exist failed with the following output:
Change Dir: /home/nvidia/hitsz_icra_2019/src/map_server/decision/CMakeFiles/CMakeTmp

Run Build Command:"/usr/bin/make" "cmTC_867eb/fast"
/usr/bin/make -f CMakeFiles/cmTC_867eb.dir/build.make CMakeFiles/cmTC_867eb.dir/build
make[1]: Entering directory '/home/nvidia/hitsz_icra_2019/src/map_server/decision/CMakeFiles/CMakeTmp'
Building C object CMakeFiles/cmTC_867eb.dir/CheckSymbolExists.c.o
/usr/bin/cc     -o CMakeFiles/cmTC_867eb.dir/CheckSymbolExists.c.o   -c /home/nvidia/hitsz_icra_2019/src/map_server/decision/CMakeFiles/CMakeTmp/CheckSymbolExists.c
Linking C executable cmTC_867eb
/usr/bin/cmake -E cmake_link_script CMakeFiles/cmTC_867eb.dir/link.txt --verbose=1
/usr/bin/cc       CMakeFiles/cmTC_867eb.dir/CheckSymbolExists.c.o  -o cmTC_867eb -rdynamic 
CMakeFiles/cmTC_867eb.dir/CheckSymbolExists.c.o: In function `main':
CheckSymbolExists.c:(.text+0x14): undefined reference to `pthread_create'
CheckSymbolExists.c:(.text+0x18): undefined reference to `pthread_create'
collect2: error: ld returned 1 exit status
CMakeFiles/cmTC_867eb.dir/build.make:97: recipe for target 'cmTC_867eb' failed
make[1]: *** [cmTC_867eb] Error 1
make[1]: Leaving directory '/home/nvidia/hitsz_icra_2019/src/map_server/decision/CMakeFiles/CMakeTmp'
Makefile:126: recipe for target 'cmTC_867eb/fast' failed
make: *** [cmTC_867eb/fast] Error 2

File /home/nvidia/hitsz_icra_2019/src/map_server/decision/CMakeFiles/CMakeTmp/CheckSymbolExists.c:
/* */
#include <pthread.h>

int main(int argc, char** argv)
{
  (void)argv;
#ifndef pthread_create
  return ((int*)(&pthread_create))[argc];
#else
  (void)argc;
  return 0;
#endif
}

Determining if the function pthread_create exists in the pthreads failed with the following output:
Change Dir: /home/nvidia/hitsz_icra_2019/src/map_server/decision/CMakeFiles/CMakeTmp

Run Build Command:"/usr/bin/make" "cmTC_63f0e/fast"
/usr/bin/make -f CMakeFiles/cmTC_63f0e.dir/build.make CMakeFiles/cmTC_63f0e.dir/build
make[1]: Entering directory '/home/nvidia/hitsz_icra_2019/src/map_server/decision/CMakeFiles/CMakeTmp'
Building C object CMakeFiles/cmTC_63f0e.dir/CheckFunctionExists.c.o
/usr/bin/cc    -DCHECK_FUNCTION_EXISTS=pthread_create   -o CMakeFiles/cmTC_63f0e.dir/CheckFunctionExists.c.o   -c /usr/share/cmake-3.5/Modules/CheckFunctionExists.c
Linking C executable cmTC_63f0e
/usr/bin/cmake -E cmake_link_script CMakeFiles/cmTC_63f0e.dir/link.txt --verbose=1
/usr/bin/cc   -DCHECK_FUNCTION_EXISTS=pthread_create    CMakeFiles/cmTC_63f0e.dir/CheckFunctionExists.c.o  -o cmTC_63f0e -rdynamic -lpthreads 
/usr/bin/ld: cannot find -lpthreads
collect2: error: ld returned 1 exit status
CMakeFiles/cmTC_63f0e.dir/build.make:97: recipe for target 'cmTC_63f0e' failed
make[1]: *** [cmTC_63f0e] Error 1
make[1]: Leaving directory '/home/nvidia/hitsz_icra_2019/src/map_server/decision/CMakeFiles/CMakeTmp'
Makefile:126: recipe for target 'cmTC_63f0e/fast' failed
make: *** [cmTC_63f0e/fast] Error 2


