The system is: Linux - 4.4.38-tegra - aarch64
Compiling the C compiler identification source file "CMakeCCompilerId.c" succeeded.
Compiler: /usr/bin/cc 
Build flags: 
Id flags: 

The output was:
0


Compilation of the C compiler identification source "CMakeCCompilerId.c" produced "a.out"

The C compiler identification is GNU, found in "/home/nvidia/hitsz_icra_2019/src/map_server/pi_trees/CMakeFiles/3.5.1/CompilerIdC/a.out"

Compiling the CXX compiler identification source file "CMakeCXXCompilerId.cpp" succeeded.
Compiler: /usr/bin/c++ 
Build flags: 
Id flags: 

The output was:
0


Compilation of the CXX compiler identification source "CMakeCXXCompilerId.cpp" produced "a.out"

The CXX compiler identification is GNU, found in "/home/nvidia/hitsz_icra_2019/src/map_server/pi_trees/CMakeFiles/3.5.1/CompilerIdCXX/a.out"

Determining if the C compiler works passed with the following output:
Change Dir: /home/nvidia/hitsz_icra_2019/src/map_server/pi_trees/CMakeFiles/CMakeTmp

Run Build Command:"/usr/bin/make" "cmTC_182b4/fast"
/usr/bin/make -f CMakeFiles/cmTC_182b4.dir/build.make CMakeFiles/cmTC_182b4.dir/build
make[1]: Entering directory '/home/nvidia/hitsz_icra_2019/src/map_server/pi_trees/CMakeFiles/CMakeTmp'
Building C object CMakeFiles/cmTC_182b4.dir/testCCompiler.c.o
/usr/bin/cc     -o CMakeFiles/cmTC_182b4.dir/testCCompiler.c.o   -c /home/nvidia/hitsz_icra_2019/src/map_server/pi_trees/CMakeFiles/CMakeTmp/testCCompiler.c
Linking C executable cmTC_182b4
/usr/bin/cmake -E cmake_link_script CMakeFiles/cmTC_182b4.dir/link.txt --verbose=1
/usr/bin/cc       CMakeFiles/cmTC_182b4.dir/testCCompiler.c.o  -o cmTC_182b4 -rdynamic 
make[1]: Leaving directory '/home/nvidia/hitsz_icra_2019/src/map_server/pi_trees/CMakeFiles/CMakeTmp'


Detecting C compiler ABI info compiled with the following output:
Change Dir: /home/nvidia/hitsz_icra_2019/src/map_server/pi_trees/CMakeFiles/CMakeTmp

Run Build Command:"/usr/bin/make" "cmTC_c884c/fast"
/usr/bin/make -f CMakeFiles/cmTC_c884c.dir/build.make CMakeFiles/cmTC_c884c.dir/build
make[1]: Entering directory '/home/nvidia/hitsz_icra_2019/src/map_server/pi_trees/CMakeFiles/CMakeTmp'
Building C object CMakeFiles/cmTC_c884c.dir/CMakeCCompilerABI.c.o
/usr/bin/cc     -o CMakeFiles/cmTC_c884c.dir/CMakeCCompilerABI.c.o   -c /usr/share/cmake-3.5/Modules/CMakeCCompilerABI.c
Linking C executable cmTC_c884c
/usr/bin/cmake -E cmake_link_script CMakeFiles/cmTC_c884c.dir/link.txt --verbose=1
/usr/bin/cc      -v CMakeFiles/cmTC_c884c.dir/CMakeCCompilerABI.c.o  -o cmTC_c884c -rdynamic  
Using built-in specs.
COLLECT_GCC=/usr/bin/cc
COLLECT_LTO_WRAPPER=/usr/lib/gcc/aarch64-linux-gnu/5/lto-wrapper
Target: aarch64-linux-gnu
Configured with: ../src/configure -v --with-pkgversion='Ubuntu/Linaro 5.4.0-6ubuntu1~16.04.10' --with-bugurl=file:///usr/share/doc/gcc-5/README.Bugs --enable-languages=c,ada,c++,java,go,d,fortran,objc,obj-c++ --prefix=/usr --program-suffix=-5 --enable-shared --enable-linker-build-id --libexecdir=/usr/lib --without-included-gettext --enable-threads=posix --libdir=/usr/lib --enable-nls --with-sysroot=/ --enable-clocale=gnu --enable-libstdcxx-debug --enable-libstdcxx-time=yes --with-default-libstdcxx-abi=new --enable-gnu-unique-object --disable-libquadmath --enable-plugin --with-system-zlib --disable-browser-plugin --enable-java-awt=gtk --enable-gtk-cairo --with-java-home=/usr/lib/jvm/java-1.5.0-gcj-5-arm64/jre --enable-java-home --with-jvm-root-dir=/usr/lib/jvm/java-1.5.0-gcj-5-arm64 --with-jvm-jar-dir=/usr/lib/jvm-exports/java-1.5.0-gcj-5-arm64 --with-arch-directory=aarch64 --with-ecj-jar=/usr/share/java/eclipse-ecj.jar --enable-multiarch --enable-fix-cortex-a53-843419 --disable-werror --enable-checking=release --build=aarch64-linux-gnu --host=aarch64-linux-gnu --target=aarch64-linux-gnu
Thread model: posix
gcc version 5.4.0 20160609 (Ubuntu/Linaro 5.4.0-6ubuntu1~16.04.10) 
COMPILER_PATH=/usr/lib/gcc/aarch64-linux-gnu/5/:/usr/lib/gcc/aarch64-linux-gnu/5/:/usr/lib/gcc/aarch64-linux-gnu/:/usr/lib/gcc/aarch64-linux-gnu/5/:/usr/lib/gcc/aarch64-linux-gnu/
LIBRARY_PATH=/usr/lib/gcc/aarch64-linux-gnu/5/:/usr/lib/gcc/aarch64-linux-gnu/5/../../../aarch64-linux-gnu/:/usr/lib/gcc/aarch64-linux-gnu/5/../../../../lib/:/lib/aarch64-linux-gnu/:/lib/../lib/:/usr/lib/aarch64-linux-gnu/:/usr/lib/../lib/:/usr/lib/gcc/aarch64-linux-gnu/5/../../../:/lib/:/usr/lib/
COLLECT_GCC_OPTIONS='-v' '-o' 'cmTC_c884c' '-rdynamic' '-mlittle-endian' '-mabi=lp64'
 /usr/lib/gcc/aarch64-linux-gnu/5/collect2 -plugin /usr/lib/gcc/aarch64-linux-gnu/5/liblto_plugin.so -plugin-opt=/usr/lib/gcc/aarch64-linux-gnu/5/lto-wrapper -plugin-opt=-fresolution=/tmp/ccg0ZnQp.res -plugin-opt=-pass-through=-lgcc -plugin-opt=-pass-through=-lgcc_s -plugin-opt=-pass-through=-lc -plugin-opt=-pass-through=-lgcc -plugin-opt=-pass-through=-lgcc_s --sysroot=/ --build-id --eh-frame-hdr --hash-style=gnu --as-needed -export-dynamic -dynamic-linker /lib/ld-linux-aarch64.so.1 -X -EL -maarch64linux --fix-cortex-a53-843419 -z relro -o cmTC_c884c /usr/lib/gcc/aarch64-linux-gnu/5/../../../aarch64-linux-gnu/crt1.o /usr/lib/gcc/aarch64-linux-gnu/5/../../../aarch64-linux-gnu/crti.o /usr/lib/gcc/aarch64-linux-gnu/5/crtbegin.o -L/usr/lib/gcc/aarch64-linux-gnu/5 -L/usr/lib/gcc/aarch64-linux-gnu/5/../../../aarch64-linux-gnu -L/usr/lib/gcc/aarch64-linux-gnu/5/../../../../lib -L/lib/aarch64-linux-gnu -L/lib/../lib -L/usr/lib/aarch64-linux-gnu -L/usr/lib/../lib -L/usr/lib/gcc/aarch64-linux-gnu/5/../../.. CMakeFiles/cmTC_c884c.dir/CMakeCCompilerABI.c.o -lgcc --as-needed -lgcc_s --no-as-needed -lc -lgcc --as-needed -lgcc_s --no-as-needed /usr/lib/gcc/aarch64-linux-gnu/5/crtend.o /usr/lib/gcc/aarch64-linux-gnu/5/../../../aarch64-linux-gnu/crtn.o
make[1]: Leaving directory '/home/nvidia/hitsz_icra_2019/src/map_server/pi_trees/CMakeFiles/CMakeTmp'


Parsed C implicit link information from above output:
  link line regex: [^( *|.*[/\])(ld|([^/\]+-)?ld|collect2)[^/\]*( |$)]
  ignore line: [Change Dir: /home/nvidia/hitsz_icra_2019/src/map_server/pi_trees/CMakeFiles/CMakeTmp]
  ignore line: []
  ignore line: [Run Build Command:"/usr/bin/make" "cmTC_c884c/fast"]
  ignore line: [/usr/bin/make -f CMakeFiles/cmTC_c884c.dir/build.make CMakeFiles/cmTC_c884c.dir/build]
  ignore line: [make[1]: Entering directory '/home/nvidia/hitsz_icra_2019/src/map_server/pi_trees/CMakeFiles/CMakeTmp']
  ignore line: [Building C object CMakeFiles/cmTC_c884c.dir/CMakeCCompilerABI.c.o]
  ignore line: [/usr/bin/cc     -o CMakeFiles/cmTC_c884c.dir/CMakeCCompilerABI.c.o   -c /usr/share/cmake-3.5/Modules/CMakeCCompilerABI.c]
  ignore line: [Linking C executable cmTC_c884c]
  ignore line: [/usr/bin/cmake -E cmake_link_script CMakeFiles/cmTC_c884c.dir/link.txt --verbose=1]
  ignore line: [/usr/bin/cc      -v CMakeFiles/cmTC_c884c.dir/CMakeCCompilerABI.c.o  -o cmTC_c884c -rdynamic  ]
  ignore line: [Using built-in specs.]
  ignore line: [COLLECT_GCC=/usr/bin/cc]
  ignore line: [COLLECT_LTO_WRAPPER=/usr/lib/gcc/aarch64-linux-gnu/5/lto-wrapper]
  ignore line: [Target: aarch64-linux-gnu]
  ignore line: [Configured with: ../src/configure -v --with-pkgversion='Ubuntu/Linaro 5.4.0-6ubuntu1~16.04.10' --with-bugurl=file:///usr/share/doc/gcc-5/README.Bugs --enable-languages=c,ada,c++,java,go,d,fortran,objc,obj-c++ --prefix=/usr --program-suffix=-5 --enable-shared --enable-linker-build-id --libexecdir=/usr/lib --without-included-gettext --enable-threads=posix --libdir=/usr/lib --enable-nls --with-sysroot=/ --enable-clocale=gnu --enable-libstdcxx-debug --enable-libstdcxx-time=yes --with-default-libstdcxx-abi=new --enable-gnu-unique-object --disable-libquadmath --enable-plugin --with-system-zlib --disable-browser-plugin --enable-java-awt=gtk --enable-gtk-cairo --with-java-home=/usr/lib/jvm/java-1.5.0-gcj-5-arm64/jre --enable-java-home --with-jvm-root-dir=/usr/lib/jvm/java-1.5.0-gcj-5-arm64 --with-jvm-jar-dir=/usr/lib/jvm-exports/java-1.5.0-gcj-5-arm64 --with-arch-directory=aarch64 --with-ecj-jar=/usr/share/java/eclipse-ecj.jar --enable-multiarch --enable-fix-cortex-a53-843419 --disable-werror --enable-checking=release --build=aarch64-linux-gnu --host=aarch64-linux-gnu --target=aarch64-linux-gnu]
  ignore line: [Thread model: posix]
  ignore line: [gcc version 5.4.0 20160609 (Ubuntu/Linaro 5.4.0-6ubuntu1~16.04.10) ]
  ignore line: [COMPILER_PATH=/usr/lib/gcc/aarch64-linux-gnu/5/:/usr/lib/gcc/aarch64-linux-gnu/5/:/usr/lib/gcc/aarch64-linux-gnu/:/usr/lib/gcc/aarch64-linux-gnu/5/:/usr/lib/gcc/aarch64-linux-gnu/]
  ignore line: [LIBRARY_PATH=/usr/lib/gcc/aarch64-linux-gnu/5/:/usr/lib/gcc/aarch64-linux-gnu/5/../../../aarch64-linux-gnu/:/usr/lib/gcc/aarch64-linux-gnu/5/../../../../lib/:/lib/aarch64-linux-gnu/:/lib/../lib/:/usr/lib/aarch64-linux-gnu/:/usr/lib/../lib/:/usr/lib/gcc/aarch64-linux-gnu/5/../../../:/lib/:/usr/lib/]
  ignore line: [COLLECT_GCC_OPTIONS='-v' '-o' 'cmTC_c884c' '-rdynamic' '-mlittle-endian' '-mabi=lp64']
  link line: [ /usr/lib/gcc/aarch64-linux-gnu/5/collect2 -plugin /usr/lib/gcc/aarch64-linux-gnu/5/liblto_plugin.so -plugin-opt=/usr/lib/gcc/aarch64-linux-gnu/5/lto-wrapper -plugin-opt=-fresolution=/tmp/ccg0ZnQp.res -plugin-opt=-pass-through=-lgcc -plugin-opt=-pass-through=-lgcc_s -plugin-opt=-pass-through=-lc -plugin-opt=-pass-through=-lgcc -plugin-opt=-pass-through=-lgcc_s --sysroot=/ --build-id --eh-frame-hdr --hash-style=gnu --as-needed -export-dynamic -dynamic-linker /lib/ld-linux-aarch64.so.1 -X -EL -maarch64linux --fix-cortex-a53-843419 -z relro -o cmTC_c884c /usr/lib/gcc/aarch64-linux-gnu/5/../../../aarch64-linux-gnu/crt1.o /usr/lib/gcc/aarch64-linux-gnu/5/../../../aarch64-linux-gnu/crti.o /usr/lib/gcc/aarch64-linux-gnu/5/crtbegin.o -L/usr/lib/gcc/aarch64-linux-gnu/5 -L/usr/lib/gcc/aarch64-linux-gnu/5/../../../aarch64-linux-gnu -L/usr/lib/gcc/aarch64-linux-gnu/5/../../../../lib -L/lib/aarch64-linux-gnu -L/lib/../lib -L/usr/lib/aarch64-linux-gnu -L/usr/lib/../lib -L/usr/lib/gcc/aarch64-linux-gnu/5/../../.. CMakeFiles/cmTC_c884c.dir/CMakeCCompilerABI.c.o -lgcc --as-needed -lgcc_s --no-as-needed -lc -lgcc --as-needed -lgcc_s --no-as-needed /usr/lib/gcc/aarch64-linux-gnu/5/crtend.o /usr/lib/gcc/aarch64-linux-gnu/5/../../../aarch64-linux-gnu/crtn.o]
    arg [/usr/lib/gcc/aarch64-linux-gnu/5/collect2] ==> ignore
    arg [-plugin] ==> ignore
    arg [/usr/lib/gcc/aarch64-linux-gnu/5/liblto_plugin.so] ==> ignore
    arg [-plugin-opt=/usr/lib/gcc/aarch64-linux-gnu/5/lto-wrapper] ==> ignore
    arg [-plugin-opt=-fresolution=/tmp/ccg0ZnQp.res] ==> ignore
    arg [-plugin-opt=-pass-through=-lgcc] ==> ignore
    arg [-plugin-opt=-pass-through=-lgcc_s] ==> ignore
    arg [-plugin-opt=-pass-through=-lc] ==> ignore
    arg [-plugin-opt=-pass-through=-lgcc] ==> ignore
    arg [-plugin-opt=-pass-through=-lgcc_s] ==> ignore
    arg [--sysroot=/] ==> ignore
    arg [--build-id] ==> ignore
    arg [--eh-frame-hdr] ==> ignore
    arg [--hash-style=gnu] ==> ignore
    arg [--as-needed] ==> ignore
    arg [-export-dynamic] ==> ignore
    arg [-dynamic-linker] ==> ignore
    arg [/lib/ld-linux-aarch64.so.1] ==> ignore
    arg [-X] ==> ignore
    arg [-EL] ==> ignore
    arg [-maarch64linux] ==> ignore
    arg [--fix-cortex-a53-843419] ==> ignore
    arg [-zrelro] ==> ignore
    arg [-o] ==> ignore
    arg [cmTC_c884c] ==> ignore
    arg [/usr/lib/gcc/aarch64-linux-gnu/5/../../../aarch64-linux-gnu/crt1.o] ==> ignore
    arg [/usr/lib/gcc/aarch64-linux-gnu/5/../../../aarch64-linux-gnu/crti.o] ==> ignore
    arg [/usr/lib/gcc/aarch64-linux-gnu/5/crtbegin.o] ==> ignore
    arg [-L/usr/lib/gcc/aarch64-linux-gnu/5] ==> dir [/usr/lib/gcc/aarch64-linux-gnu/5]
    arg [-L/usr/lib/gcc/aarch64-linux-gnu/5/../../../aarch64-linux-gnu] ==> dir [/usr/lib/gcc/aarch64-linux-gnu/5/../../../aarch64-linux-gnu]
    arg [-L/usr/lib/gcc/aarch64-linux-gnu/5/../../../../lib] ==> dir [/usr/lib/gcc/aarch64-linux-gnu/5/../../../../lib]
    arg [-L/lib/aarch64-linux-gnu] ==> dir [/lib/aarch64-linux-gnu]
    arg [-L/lib/../lib] ==> dir [/lib/../lib]
    arg [-L/usr/lib/aarch64-linux-gnu] ==> dir [/usr/lib/aarch64-linux-gnu]
    arg [-L/usr/lib/../lib] ==> dir [/usr/lib/../lib]
    arg [-L/usr/lib/gcc/aarch64-linux-gnu/5/../../..] ==> dir [/usr/lib/gcc/aarch64-linux-gnu/5/../../..]
    arg [CMakeFiles/cmTC_c884c.dir/CMakeCCompilerABI.c.o] ==> ignore
    arg [-lgcc] ==> lib [gcc]
    arg [--as-needed] ==> ignore
    arg [-lgcc_s] ==> lib [gcc_s]
    arg [--no-as-needed] ==> ignore
    arg [-lc] ==> lib [c]
    arg [-lgcc] ==> lib [gcc]
    arg [--as-needed] ==> ignore
    arg [-lgcc_s] ==> lib [gcc_s]
    arg [--no-as-needed] ==> ignore
    arg [/usr/lib/gcc/aarch64-linux-gnu/5/crtend.o] ==> ignore
    arg [/usr/lib/gcc/aarch64-linux-gnu/5/../../../aarch64-linux-gnu/crtn.o] ==> ignore
  remove lib [gcc]
  remove lib [gcc_s]
  remove lib [gcc]
  remove lib [gcc_s]
  collapse library dir [/usr/lib/gcc/aarch64-linux-gnu/5] ==> [/usr/lib/gcc/aarch64-linux-gnu/5]
  collapse library dir [/usr/lib/gcc/aarch64-linux-gnu/5/../../../aarch64-linux-gnu] ==> [/usr/lib/aarch64-linux-gnu]
  collapse library dir [/usr/lib/gcc/aarch64-linux-gnu/5/../../../../lib] ==> [/usr/lib]
  collapse library dir [/lib/aarch64-linux-gnu] ==> [/lib/aarch64-linux-gnu]
  collapse library dir [/lib/../lib] ==> [/lib]
  collapse library dir [/usr/lib/aarch64-linux-gnu] ==> [/usr/lib/aarch64-linux-gnu]
  collapse library dir [/usr/lib/../lib] ==> [/usr/lib]
  collapse library dir [/usr/lib/gcc/aarch64-linux-gnu/5/../../..] ==> [/usr/lib]
  implicit libs: [c]
  implicit dirs: [/usr/lib/gcc/aarch64-linux-gnu/5;/usr/lib/aarch64-linux-gnu;/usr/lib;/lib/aarch64-linux-gnu;/lib]
  implicit fwks: []




Detecting C [-std=c11] compiler features compiled with the following output:
Change Dir: /home/nvidia/hitsz_icra_2019/src/map_server/pi_trees/CMakeFiles/CMakeTmp

Run Build Command:"/usr/bin/make" "cmTC_1de3d/fast"
/usr/bin/make -f CMakeFiles/cmTC_1de3d.dir/build.make CMakeFiles/cmTC_1de3d.dir/build
make[1]: Entering directory '/home/nvidia/hitsz_icra_2019/src/map_server/pi_trees/CMakeFiles/CMakeTmp'
Building C object CMakeFiles/cmTC_1de3d.dir/feature_tests.c.o
/usr/bin/cc    -std=c11 -o CMakeFiles/cmTC_1de3d.dir/feature_tests.c.o   -c /home/nvidia/hitsz_icra_2019/src/map_server/pi_trees/CMakeFiles/feature_tests.c
Linking C executable cmTC_1de3d
/usr/bin/cmake -E cmake_link_script CMakeFiles/cmTC_1de3d.dir/link.txt --verbose=1
/usr/bin/cc       CMakeFiles/cmTC_1de3d.dir/feature_tests.c.o  -o cmTC_1de3d -rdynamic 
make[1]: Leaving directory '/home/nvidia/hitsz_icra_2019/src/map_server/pi_trees/CMakeFiles/CMakeTmp'


    Feature record: C_FEATURE:1c_function_prototypes
    Feature record: C_FEATURE:1c_restrict
    Feature record: C_FEATURE:1c_static_assert
    Feature record: C_FEATURE:1c_variadic_macros


Detecting C [-std=c99] compiler features compiled with the following output:
Change Dir: /home/nvidia/hitsz_icra_2019/src/map_server/pi_trees/CMakeFiles/CMakeTmp

Run Build Command:"/usr/bin/make" "cmTC_37066/fast"
/usr/bin/make -f CMakeFiles/cmTC_37066.dir/build.make CMakeFiles/cmTC_37066.dir/build
make[1]: Entering directory '/home/nvidia/hitsz_icra_2019/src/map_server/pi_trees/CMakeFiles/CMakeTmp'
Building C object CMakeFiles/cmTC_37066.dir/feature_tests.c.o
/usr/bin/cc    -std=c99 -o CMakeFiles/cmTC_37066.dir/feature_tests.c.o   -c /home/nvidia/hitsz_icra_2019/src/map_server/pi_trees/CMakeFiles/feature_tests.c
Linking C executable cmTC_37066
/usr/bin/cmake -E cmake_link_script CMakeFiles/cmTC_37066.dir/link.txt --verbose=1
/usr/bin/cc       CMakeFiles/cmTC_37066.dir/feature_tests.c.o  -o cmTC_37066 -rdynamic 
make[1]: Leaving directory '/home/nvidia/hitsz_icra_2019/src/map_server/pi_trees/CMakeFiles/CMakeTmp'


    Feature record: C_FEATURE:1c_function_prototypes
    Feature record: C_FEATURE:1c_restrict
    Feature record: C_FEATURE:0c_static_assert
    Feature record: C_FEATURE:1c_variadic_macros
